#-----------------------------------------------------------
# Vivado v2020.1 (64-bit)
# SW Build 2902540 on Wed May 27 19:54:49 MDT 2020
# IP Build 2902112 on Wed May 27 22:43:36 MDT 2020
# Start of session at: Thu Jan 28 12:15:47 2021
# Process ID: 11176
# Current directory: C:/Users/Vanna/Desktop/CarPark/project
# Command line: vivado.exe -mode gui -source scripts/common/init.tcl -source scripts/common/ip.tcl -notrace -log logs/ip.log -nojournal
# Log file: C:/Users/Vanna/Desktop/CarPark/project/logs/ip.log
# Journal file: 
#-----------------------------------------------------------
start_gui
source scripts/common/init.tcl -notrace

Sourcing init file C:/Users/Vanna/Desktop/CarPark/project/init.tcl

source scripts/common/ip.tcl -notrace
INFO: [IP_Flow 19-234] Refreshing IP repositories
INFO: [IP_Flow 19-1704] No user IP repositories specified
INFO: [IP_Flow 19-2313] Loaded Vivado IP repository 'C:/Xilinx/Vivado/2020.1/data/ip'.
create_project: Time (s): cpu = 00:00:26 ; elapsed = 00:00:57 . Memory (MB): peak = 1001.797 ; gain = 0.000
INFO: [IP_Flow 19-234] Refreshing IP repositories
INFO: [IP_Flow 19-1700] Loaded user IP repository 'c:/Users/Vanna/Desktop/CarPark/project/cores'.
WARNING: [IP_Flow 19-3656] If you move the project, the path for repository 'c:/Users/Vanna/Desktop/CarPark/project/cores' may become invalid. A better location for the repository would be in a path adjacent to the project. (Current project location is 'c:/Users/Vanna/Desktop/CarPark/project/cores/managed_ip_project'.)
**INFO: Target FPGA set to xc7a35ticsg324-1L
WARNING: [IP_Flow 19-4067] Ignoring invalid widget type specified checkbox.Providing a default widget
WARNING: [IP_Flow 19-4067] Ignoring invalid widget type specified checkbox.Providing a default widget
WARNING: [IP_Flow 19-4067] Ignoring invalid widget type specified checkbox.Providing a default widget
WARNING: [IP_Flow 19-4067] Ignoring invalid widget type specified checkbox.Providing a default widget
exit
INFO: [Common 17-206] Exiting Vivado at Thu Jan 28 12:42:33 2021...
